Watching for file changes with StatReloader
[09/Aug/2025 15:34:30] "HEAD /admin/login/ HTTP/1.1" 200 0
[09/Aug/2025 15:37:52] "GET / HTTP/1.1" 200 9238
[09/Aug/2025 15:37:56] "GET / HTTP/1.1" 200 9238
[09/Aug/2025 15:37:59] "GET /admin/ HTTP/1.1" 302 0
[09/Aug/2025 15:37:59] "GET /admin/login/?next=/admin/ HTTP/1.1" 200 4173
[09/Aug/2025 15:37:59] "GET /static/admin/css/login.css HTTP/1.1" 304 0
[09/Aug/2025 15:37:59] "GET /static/admin/css/nav_sidebar.css HTTP/1.1" 200 2810
[09/Aug/2025 15:37:59] "GET /static/admin/css/dark_mode.css HTTP/1.1" 200 2808
[09/Aug/2025 15:37:59] "GET /static/admin/css/base.css HTTP/1.1" 200 22120
[09/Aug/2025 15:37:59] "GET /static/admin/js/theme.js HTTP/1.1" 200 1653
[09/Aug/2025 15:37:59] "GET /static/admin/css/responsive.css HTTP/1.1" 200 16565
[09/Aug/2025 15:37:59] "GET /static/admin/js/nav_sidebar.js HTTP/1.1" 200 3063
[09/Aug/2025 15:38:16] "POST /admin/login/?next=/admin/ HTTP/1.1" 302 0
[09/Aug/2025 15:38:16] "GET /admin/ HTTP/1.1" 200 16427
[09/Aug/2025 15:38:16] "GET /static/admin/css/dashboard.css HTTP/1.1" 200 441
[09/Aug/2025 15:38:16] "GET /static/admin/img/icon-addlink.svg HTTP/1.1" 200 331
[09/Aug/2025 15:38:16] "GET /static/admin/img/icon-changelink.svg HTTP/1.1" 200 380
[09/Aug/2025 15:38:21] "GET /admin/users/user/ HTTP/1.1" 200 20502
[09/Aug/2025 15:38:21] "GET /static/admin/js/jquery.init.js HTTP/1.1" 200 347
[09/Aug/2025 15:38:21] "GET /static/admin/js/actions.js HTTP/1.1" 200 8076
[09/Aug/2025 15:38:21] "GET /static/admin/js/core.js HTTP/1.1" 200 6208
[09/Aug/2025 15:38:21] "GET /static/admin/css/changelists.css HTTP/1.1" 200 6878
[09/Aug/2025 15:38:21] "GET /static/admin/js/prepopulate.js HTTP/1.1" 200 1531
[09/Aug/2025 15:38:21] "GET /static/admin/js/admin/RelatedObjectLookups.js HTTP/1.1" 200 9777
[09/Aug/2025 15:38:21] "GET /admin/jsi18n/ HTTP/1.1" 200 3342
[09/Aug/2025 15:38:21] "GET /static/admin/js/vendor/jquery/jquery.js HTTP/1.1" 200 285314
[09/Aug/2025 15:38:21] "GET /static/admin/img/search.svg HTTP/1.1" 200 458
[09/Aug/2025 15:38:21] "GET /static/admin/js/urlify.js HTTP/1.1" 200 7887
[09/Aug/2025 15:38:21] "GET /static/admin/img/icon-yes.svg HTTP/1.1" 200 436
[09/Aug/2025 15:38:21] "GET /static/admin/js/vendor/xregexp/xregexp.js HTTP/1.1" 200 325171
[09/Aug/2025 15:38:21] "GET /static/admin/img/icon-no.svg HTTP/1.1" 200 560
[09/Aug/2025 15:38:21] "GET /static/admin/js/filters.js HTTP/1.1" 200 978
[09/Aug/2025 15:38:21] "GET /static/admin/img/sorting-icons.svg HTTP/1.1" 200 1097
[09/Aug/2025 15:38:21] "GET /static/admin/img/icon-viewlink.svg HTTP/1.1" 200 581
[09/Aug/2025 15:38:21] "GET /static/admin/img/tooltag-add.svg HTTP/1.1" 200 331
[09/Aug/2025 15:38:25] "GET /admin/ HTTP/1.1" 200 16427
[09/Aug/2025 15:38:43] "GET / HTTP/1.1" 200 10297
[09/Aug/2025 15:38:45] "GET /mentors/ HTTP/1.1" 200 10738
[09/Aug/2025 15:39:06] "GET /mentors/ HTTP/1.1" 200 10738
[09/Aug/2025 15:39:22] "GET /ai-support/resources/ HTTP/1.1" 200 5328
[09/Aug/2025 15:39:31] "GET /about/ HTTP/1.1" 200 5749
[09/Aug/2025 15:39:36] "GET /mentees/dashboard/ HTTP/1.1" 302 0
[09/Aug/2025 15:39:36] "GET /mentees/register/ HTTP/1.1" 200 5308
[09/Aug/2025 15:39:44] "GET /mentees/dashboard/ HTTP/1.1" 302 0
[09/Aug/2025 15:39:44] "GET /mentees/register/ HTTP/1.1" 200 5308
[09/Aug/2025 15:39:50] "GET /admin/ HTTP/1.1" 200 16427
[09/Aug/2025 15:39:55] "GET / HTTP/1.1" 200 10297
/Users/yathushakulenthiran/Projects/sheconnect-mentorship/mentors/models.py changed, reloading.
Performing system checks...

System check identified no issues (0 silenced).
August 09, 2025 - 15:34:26
Django version 5.2.5, using settings 'sheconnect_ai.settings'
Starting development server at http://0.0.0.0:8000/
Quit the server with CONTROL-C.

WARNING: This is a development server. Do not use it in a production setting. Use a production WSGI or ASGI server instead.
For more information on production servers see: https://docs.djangoproject.com/en/5.2/howto/deployment/
Watching for file changes with StatReloader
/Users/yathushakulenthiran/Projects/sheconnect-mentorship/mentors/views.py changed, reloading.
Performing system checks...

System check identified no issues (0 silenced).
August 09, 2025 - 15:43:02
Django version 5.2.5, using settings 'sheconnect_ai.settings'
Starting development server at http://0.0.0.0:8000/
Quit the server with CONTROL-C.

WARNING: This is a development server. Do not use it in a production setting. Use a production WSGI or ASGI server instead.
For more information on production servers see: https://docs.djangoproject.com/en/5.2/howto/deployment/
Watching for file changes with StatReloader
/Users/yathushakulenthiran/Projects/sheconnect-mentorship/mentors/admin.py changed, reloading.
Performing system checks...

System check identified no issues (0 silenced).
August 09, 2025 - 15:43:08
Django version 5.2.5, using settings 'sheconnect_ai.settings'
Starting development server at http://0.0.0.0:8000/
Quit the server with CONTROL-C.

WARNING: This is a development server. Do not use it in a production setting. Use a production WSGI or ASGI server instead.
For more information on production servers see: https://docs.djangoproject.com/en/5.2/howto/deployment/
Watching for file changes with StatReloader
/Users/yathushakulenthiran/Projects/sheconnect-mentorship/mentors/admin.py changed, reloading.
Performing system checks...

System check identified no issues (0 silenced).
August 09, 2025 - 15:43:29
Django version 5.2.5, using settings 'sheconnect_ai.settings'
Starting development server at http://0.0.0.0:8000/
Quit the server with CONTROL-C.

WARNING: This is a development server. Do not use it in a production setting. Use a production WSGI or ASGI server instead.
For more information on production servers see: https://docs.djangoproject.com/en/5.2/howto/deployment/
Watching for file changes with StatReloader
[09/Aug/2025 15:46:02] "GET /mentors/ HTTP/1.1" 200 16069
[09/Aug/2025 15:46:22] "GET /mentors/2/ HTTP/1.1" 200 7078
[09/Aug/2025 15:46:28] "GET /mentors/1/ HTTP/1.1" 200 7098
[09/Aug/2025 15:47:04] "GET /mentors/?search=&industry=Finance&business_stage=idea&availability=available HTTP/1.1" 200 11146
[09/Aug/2025 15:47:21] "GET /mentors/?search=&industry=Technology&business_stage=&availability=available HTTP/1.1" 200 13922
[09/Aug/2025 15:47:28] "GET /mentors/ HTTP/1.1" 200 16069
[09/Aug/2025 15:47:51] "GET /mentors/1/ HTTP/1.1" 200 7098
[09/Aug/2025 15:48:45] "GET / HTTP/1.1" 200 13252
[09/Aug/2025 15:48:50] "GET /mentors/ HTTP/1.1" 200 16069
[09/Aug/2025 15:49:18] "GET / HTTP/1.1" 200 13252
[09/Aug/2025 15:49:49] "GET /mentees/register/ HTTP/1.1" 200 5308
[09/Aug/2025 15:50:10] "GET / HTTP/1.1" 200 13252
/Users/yathushakulenthiran/Projects/sheconnect-mentorship/mentees/models.py changed, reloading.
Performing system checks...

System check identified no issues (0 silenced).
August 09, 2025 - 15:45:41
Django version 5.2.5, using settings 'sheconnect_ai.settings'
Starting development server at http://0.0.0.0:8000/
Quit the server with CONTROL-C.

WARNING: This is a development server. Do not use it in a production setting. Use a production WSGI or ASGI server instead.
For more information on production servers see: https://docs.djangoproject.com/en/5.2/howto/deployment/
Watching for file changes with StatReloader
/Users/yathushakulenthiran/Projects/sheconnect-mentorship/sheconnect_ai/urls.py changed, reloading.
Performing system checks...

System check identified no issues (0 silenced).
August 09, 2025 - 15:51:41
Django version 5.2.5, using settings 'sheconnect_ai.settings'
Starting development server at http://0.0.0.0:8000/
Quit the server with CONTROL-C.

WARNING: This is a development server. Do not use it in a production setting. Use a production WSGI or ASGI server instead.
For more information on production servers see: https://docs.djangoproject.com/en/5.2/howto/deployment/
Watching for file changes with StatReloader
/Users/yathushakulenthiran/Projects/sheconnect-mentorship/mentees/views.py changed, reloading.
Performing system checks...

System check identified no issues (0 silenced).
August 09, 2025 - 15:53:16
Django version 5.2.5, using settings 'sheconnect_ai.settings'
Starting development server at http://0.0.0.0:8000/
Quit the server with CONTROL-C.

WARNING: This is a development server. Do not use it in a production setting. Use a production WSGI or ASGI server instead.
For more information on production servers see: https://docs.djangoproject.com/en/5.2/howto/deployment/
Watching for file changes with StatReloader
/Users/yathushakulenthiran/Projects/sheconnect-mentorship/mentees/forms.py changed, reloading.
Performing system checks...

System check identified no issues (0 silenced).
August 09, 2025 - 15:53:31
Django version 5.2.5, using settings 'sheconnect_ai.settings'
Starting development server at http://0.0.0.0:8000/
Quit the server with CONTROL-C.

WARNING: This is a development server. Do not use it in a production setting. Use a production WSGI or ASGI server instead.
For more information on production servers see: https://docs.djangoproject.com/en/5.2/howto/deployment/
Watching for file changes with StatReloader
[09/Aug/2025 16:08:29] "HEAD / HTTP/1.1" 200 0
[09/Aug/2025 16:09:43] "GET /mentors/ HTTP/1.1" 200 16069
[09/Aug/2025 16:09:48] "GET / HTTP/1.1" 200 13252
[09/Aug/2025 16:09:52] "GET /mentees/register/ HTTP/1.1" 200 7791
[09/Aug/2025 16:10:48] "POST /mentees/register/ HTTP/1.1" 302 0
[09/Aug/2025 16:10:48] "GET /mentees/dashboard/ HTTP/1.1" 200 5287
[09/Aug/2025 16:11:14] "GET / HTTP/1.1" 200 13252
[09/Aug/2025 16:11:17] "GET /mentees/register/ HTTP/1.1" 302 0
[09/Aug/2025 16:11:17] "GET /mentees/dashboard/ HTTP/1.1" 200 5287
[09/Aug/2025 16:11:33] "GET / HTTP/1.1" 200 13252
[09/Aug/2025 16:11:34] "GET / HTTP/1.1" 200 13252
[09/Aug/2025 16:11:35] "GET / HTTP/1.1" 200 13252
[09/Aug/2025 16:11:40] "GET /admin/ HTTP/1.1" 200 16427
[09/Aug/2025 16:11:49] "GET /admin/mentors/mentor/ HTTP/1.1" 200 22862
[09/Aug/2025 16:11:49] "GET /admin/jsi18n/ HTTP/1.1" 200 3342
[09/Aug/2025 16:11:56] "GET /admin/users/user/ HTTP/1.1" 200 20502
[09/Aug/2025 16:11:56] "GET /admin/jsi18n/ HTTP/1.1" 200 3342
[09/Aug/2025 16:12:09] "GET /admin/ai_support/aimatchingscore/ HTTP/1.1" 200 17190
[09/Aug/2025 16:12:09] "GET /admin/jsi18n/ HTTP/1.1" 200 3342
[09/Aug/2025 16:12:11] "GET /admin/ai_support/chatmessage/ HTTP/1.1" 200 17268
[09/Aug/2025 16:12:11] "GET /admin/jsi18n/ HTTP/1.1" 200 3342
[09/Aug/2025 16:12:12] "GET /admin/ai_support/mentalhealthresource/ HTTP/1.1" 200 17925
[09/Aug/2025 16:12:12] "GET /admin/jsi18n/ HTTP/1.1" 200 3342
[09/Aug/2025 16:12:14] "GET /admin/ai_support/mentalhealthsession/ HTTP/1.1" 200 19203
[09/Aug/2025 16:12:14] "GET /admin/jsi18n/ HTTP/1.1" 200 3342
[09/Aug/2025 16:12:16] "GET /admin/ai_services/message/ HTTP/1.1" 200 17298
[09/Aug/2025 16:12:16] "GET /admin/jsi18n/ HTTP/1.1" 200 3342
[09/Aug/2025 16:12:23] "GET /admin/mentees/connectionrequest/ HTTP/1.1" 200 17375
[09/Aug/2025 16:12:23] "GET /admin/jsi18n/ HTTP/1.1" 200 3342
[09/Aug/2025 16:12:30] "GET /admin/mentees/mentee/ HTTP/1.1" 200 20545
[09/Aug/2025 16:12:30] "GET /admin/jsi18n/ HTTP/1.1" 200 3342
[09/Aug/2025 16:12:48] "GET /admin/mentees/mentee/?o=6 HTTP/1.1" 200 20746
[09/Aug/2025 16:12:48] "GET /admin/jsi18n/ HTTP/1.1" 200 3342
[09/Aug/2025 16:12:50] "GET /admin/mentees/mentee/?o=-6 HTTP/1.1" 200 20770
[09/Aug/2025 16:12:50] "GET /admin/jsi18n/ HTTP/1.1" 200 3342
[09/Aug/2025 16:12:51] "GET /admin/mentees/mentee/?o= HTTP/1.1" 200 20485
[09/Aug/2025 16:12:51] "GET /admin/jsi18n/ HTTP/1.1" 200 3342
[09/Aug/2025 16:13:06] "GET /admin/login/ HTTP/1.1" 302 0
[09/Aug/2025 16:13:06] "GET /admin/ HTTP/1.1" 200 16427
[09/Aug/2025 16:13:14] "GET /admin/users/user/ HTTP/1.1" 200 20502
[09/Aug/2025 16:13:14] "GET /admin/jsi18n/ HTTP/1.1" 200 3342
[09/Aug/2025 16:13:33] "GET /admin/users/user/ HTTP/1.1" 200 20502
[09/Aug/2025 16:13:34] "GET /admin/ HTTP/1.1" 200 16427
[09/Aug/2025 16:13:40] "GET /mentees/register/ HTTP/1.1" 302 0
[09/Aug/2025 16:13:40] "GET /mentees/dashboard/ HTTP/1.1" 200 5287
[09/Aug/2025 16:14:27] "GET / HTTP/1.1" 200 13252
[09/Aug/2025 16:14:30] "GET /mentors/ HTTP/1.1" 200 16069
[09/Aug/2025 16:14:32] "GET / HTTP/1.1" 200 13252
/Users/yathushakulenthiran/Projects/sheconnect-mentorship/sheconnect_ai/settings.py changed, reloading.
Performing system checks...

System check identified no issues (0 silenced).
August 09, 2025 - 16:07:08
Django version 5.2.5, using settings 'sheconnect_ai.settings'
Starting development server at http://0.0.0.0:8000/
Quit the server with CONTROL-C.

WARNING: This is a development server. Do not use it in a production setting. Use a production WSGI or ASGI server instead.
For more information on production servers see: https://docs.djangoproject.com/en/5.2/howto/deployment/
Watching for file changes with StatReloader
/Users/yathushakulenthiran/Projects/sheconnect-mentorship/mentees/views.py changed, reloading.
Performing system checks...

System check identified no issues (0 silenced).
August 09, 2025 - 16:17:22
Django version 5.2.5, using settings 'sheconnect_ai.settings'
Starting development server at http://0.0.0.0:8000/
Quit the server with CONTROL-C.

WARNING: This is a development server. Do not use it in a production setting. Use a production WSGI or ASGI server instead.
For more information on production servers see: https://docs.djangoproject.com/en/5.2/howto/deployment/
Watching for file changes with StatReloader
/Users/yathushakulenthiran/Projects/sheconnect-mentorship/mentees/views.py changed, reloading.
Performing system checks...

System check identified no issues (0 silenced).
August 09, 2025 - 16:17:40
Django version 5.2.5, using settings 'sheconnect_ai.settings'
Starting development server at http://0.0.0.0:8000/
Quit the server with CONTROL-C.

WARNING: This is a development server. Do not use it in a production setting. Use a production WSGI or ASGI server instead.
For more information on production servers see: https://docs.djangoproject.com/en/5.2/howto/deployment/
Watching for file changes with StatReloader
[09/Aug/2025 16:20:16] "GET / HTTP/1.1" 200 13259
[09/Aug/2025 16:20:20] "GET /mentors/ HTTP/1.1" 200 16076
[09/Aug/2025 16:20:28] "GET / HTTP/1.1" 200 13259
[09/Aug/2025 16:20:34] "GET /mentees/register/ HTTP/1.1" 302 0
[09/Aug/2025 16:20:34] "GET /mentees/dashboard/ HTTP/1.1" 200 5294
[09/Aug/2025 16:20:39] "GET /admin/login/ HTTP/1.1" 302 0
[09/Aug/2025 16:20:39] "GET /admin/ HTTP/1.1" 200 16427
[09/Aug/2025 16:20:44] "GET /users/signup/ HTTP/1.1" 200 6312
Performing system checks...

System check identified no issues (0 silenced).
August 09, 2025 - 16:19:58
Django version 5.2.5, using settings 'sheconnect_ai.settings'
Starting development server at http://0.0.0.0:8000/
Quit the server with CONTROL-C.

WARNING: This is a development server. Do not use it in a production setting. Use a production WSGI or ASGI server instead.
For more information on production servers see: https://docs.djangoproject.com/en/5.2/howto/deployment/
Content-Type: text/plain; charset="utf-8"
MIME-Version: 1.0
Content-Transfer-Encoding: 7bit
Subject: Verify your SheConnect account
From: no-reply@sheconnect.ai
To: wehub.by.yarlithub@gmail.com
Date: Sat, 09 Aug 2025 16:22:10 -0000
Message-ID: 
 <175475653004.7420.7023570329700272850@Yathushas-MacBook-Pro.local>

Click to verify: http://127.0.0.1:8000/users/verify/Mg/cua04y-cdc81b471c0f6b683ed4e827866f7dce/
-------------------------------------------------------------------------------
[09/Aug/2025 16:22:15] "POST /users/signup/ HTTP/1.1" 302 0
[09/Aug/2025 16:22:15] "GET / HTTP/1.1" 200 13259
[09/Aug/2025 16:22:22] "GET /admin/login/ HTTP/1.1" 302 0
[09/Aug/2025 16:22:22] "GET /admin/ HTTP/1.1" 200 16584
[09/Aug/2025 16:22:37] "GET /mentees/register/ HTTP/1.1" 302 0
[09/Aug/2025 16:22:37] "GET /mentees/dashboard/ HTTP/1.1" 200 5294
[09/Aug/2025 16:22:41] "GET /admin/login/ HTTP/1.1" 302 0
[09/Aug/2025 16:22:41] "GET /admin/ HTTP/1.1" 200 16427
[09/Aug/2025 16:22:50] "GET /mentees/dashboard/ HTTP/1.1" 200 5294
[09/Aug/2025 16:23:13] "GET / HTTP/1.1" 200 13259
[09/Aug/2025 16:24:08] "GET /mentees/register/ HTTP/1.1" 302 0
[09/Aug/2025 16:24:08] "GET /mentees/dashboard/ HTTP/1.1" 200 5294
/Users/yathushakulenthiran/Projects/sheconnect-mentorship/mentees/models.py changed, reloading.
Watching for file changes with StatReloader
/Users/yathushakulenthiran/Projects/sheconnect-mentorship/mentees/forms.py changed, reloading.
Performing system checks...

System check identified no issues (0 silenced).
Watching for file changes with StatReloader
/Users/yathushakulenthiran/Projects/sheconnect-mentorship/mentees/views.py changed, reloading.
Performing system checks...

System check identified no issues (0 silenced).
August 09, 2025 - 16:28:42
Django version 5.2.5, using settings 'sheconnect_ai.settings'
Starting development server at http://0.0.0.0:8000/
Quit the server with CONTROL-C.

WARNING: This is a development server. Do not use it in a production setting. Use a production WSGI or ASGI server instead.
For more information on production servers see: https://docs.djangoproject.com/en/5.2/howto/deployment/
Watching for file changes with StatReloader
/Users/yathushakulenthiran/Projects/sheconnect-mentorship/mentees/urls.py changed, reloading.
Performing system checks...

System check identified no issues (0 silenced).
August 09, 2025 - 16:28:52
Django version 5.2.5, using settings 'sheconnect_ai.settings'
Starting development server at http://0.0.0.0:8000/
Quit the server with CONTROL-C.

WARNING: This is a development server. Do not use it in a production setting. Use a production WSGI or ASGI server instead.
For more information on production servers see: https://docs.djangoproject.com/en/5.2/howto/deployment/
Watching for file changes with StatReloader
/Users/yathushakulenthiran/Projects/sheconnect-mentorship/sheconnect_ai/urls.py changed, reloading.
Performing system checks...

System check identified no issues (0 silenced).
August 09, 2025 - 16:29:17
Django version 5.2.5, using settings 'sheconnect_ai.settings'
Starting development server at http://0.0.0.0:8000/
Quit the server with CONTROL-C.

WARNING: This is a development server. Do not use it in a production setting. Use a production WSGI or ASGI server instead.
For more information on production servers see: https://docs.djangoproject.com/en/5.2/howto/deployment/
Watching for file changes with StatReloader
/Users/yathushakulenthiran/Projects/sheconnect-mentorship/mentees/models.py changed, reloading.
Performing system checks...

System check identified no issues (0 silenced).
August 09, 2025 - 16:29:40
Django version 5.2.5, using settings 'sheconnect_ai.settings'
Starting development server at http://0.0.0.0:8000/
Quit the server with CONTROL-C.

WARNING: This is a development server. Do not use it in a production setting. Use a production WSGI or ASGI server instead.
For more information on production servers see: https://docs.djangoproject.com/en/5.2/howto/deployment/
Watching for file changes with StatReloader
[09/Aug/2025 16:34:19] "GET / HTTP/1.1" 200 13393
[09/Aug/2025 16:34:23] "GET /mentees/register/ HTTP/1.1" 302 0
[09/Aug/2025 16:34:23] "GET /mentees/dashboard/ HTTP/1.1" 200 5428
[09/Aug/2025 16:34:44] "GET /admin/mentees/mentee/register HTTP/1.1" 301 0
[09/Aug/2025 16:34:44] "GET /admin/mentees/mentee/register/ HTTP/1.1" 302 0
[09/Aug/2025 16:34:44] "GET /admin/mentees/mentee/register/change/ HTTP/1.1" 302 0
[09/Aug/2025 16:34:44] "GET /admin/ HTTP/1.1" 200 16603
[09/Aug/2025 16:34:44] "GET /static/admin/css/base.css HTTP/1.1" 304 0
[09/Aug/2025 16:34:44] "GET /static/admin/js/theme.js HTTP/1.1" 304 0
[09/Aug/2025 16:34:44] "GET /static/admin/css/responsive.css HTTP/1.1" 304 0
[09/Aug/2025 16:34:44] "GET /static/admin/css/dark_mode.css HTTP/1.1" 304 0
[09/Aug/2025 16:34:44] "GET /static/admin/css/nav_sidebar.css HTTP/1.1" 304 0
[09/Aug/2025 16:34:44] "GET /static/admin/css/dashboard.css HTTP/1.1" 304 0
[09/Aug/2025 16:34:44] "GET /static/admin/js/nav_sidebar.js HTTP/1.1" 304 0
[09/Aug/2025 16:34:44] "GET /static/admin/img/icon-addlink.svg HTTP/1.1" 304 0
[09/Aug/2025 16:34:44] "GET /static/admin/img/icon-changelink.svg HTTP/1.1" 304 0
[09/Aug/2025 16:34:44] "GET /static/admin/img/icon-alert.svg HTTP/1.1" 200 504
[09/Aug/2025 16:34:54] "GET /admin/mentees/mentee/ HTTP/1.1" 200 20545
[09/Aug/2025 16:34:54] "GET /static/admin/js/vendor/jquery/jquery.js HTTP/1.1" 304 0
[09/Aug/2025 16:34:54] "GET /static/admin/js/jquery.init.js HTTP/1.1" 304 0
[09/Aug/2025 16:34:54] "GET /static/admin/js/core.js HTTP/1.1" 304 0
[09/Aug/2025 16:34:54] "GET /static/admin/js/admin/RelatedObjectLookups.js HTTP/1.1" 304 0
[09/Aug/2025 16:34:54] "GET /static/admin/js/prepopulate.js HTTP/1.1" 304 0
[09/Aug/2025 16:34:54] "GET /static/admin/css/changelists.css HTTP/1.1" 304 0
[09/Aug/2025 16:34:54] "GET /static/admin/js/vendor/xregexp/xregexp.js HTTP/1.1" 304 0
[09/Aug/2025 16:34:54] "GET /static/admin/js/actions.js HTTP/1.1" 304 0
[09/Aug/2025 16:34:54] "GET /static/admin/js/urlify.js HTTP/1.1" 304 0
[09/Aug/2025 16:34:54] "GET /admin/jsi18n/ HTTP/1.1" 200 3342
[09/Aug/2025 16:34:54] "GET /static/admin/img/search.svg HTTP/1.1" 304 0
[09/Aug/2025 16:34:54] "GET /static/admin/img/icon-yes.svg HTTP/1.1" 304 0
[09/Aug/2025 16:34:54] "GET /static/admin/js/filters.js HTTP/1.1" 304 0
[09/Aug/2025 16:34:54] "GET /static/admin/img/tooltag-add.svg HTTP/1.1" 304 0
[09/Aug/2025 16:34:54] "GET /static/admin/img/sorting-icons.svg HTTP/1.1" 304 0
[09/Aug/2025 16:34:54] "GET /static/admin/img/icon-viewlink.svg HTTP/1.1" 304 0
/Users/yathushakulenthiran/Projects/sheconnect-mentorship/sheconnect_ai/settings.py changed, reloading.
Performing system checks...

System check identified no issues (0 silenced).
August 09, 2025 - 16:32:33
Django version 5.2.5, using settings 'sheconnect_ai.settings'
Starting development server at http://0.0.0.0:8000/
Quit the server with CONTROL-C.

WARNING: This is a development server. Do not use it in a production setting. Use a production WSGI or ASGI server instead.
For more information on production servers see: https://docs.djangoproject.com/en/5.2/howto/deployment/
Watching for file changes with StatReloader
Exception in thread django-main-thread:
Traceback (most recent call last):
  File "/Library/Frameworks/Python.framework/Versions/3.13/lib/python3.13/threading.py", line 1043, in _bootstrap_inner
    self.run()
    ~~~~~~~~^^
  File "/Library/Frameworks/Python.framework/Versions/3.13/lib/python3.13/threading.py", line 994, in run
    self._target(*self._args, **self._kwargs)
    ~~~~~~~~~~~~^^^^^^^^^^^^^^^^^^^^^^^^^^^^^
  File "/Users/yathushakulenthiran/Projects/sheconnect-mentorship/.venv/lib/python3.13/site-packages/django/utils/autoreload.py", line 64, in wrapper
    fn(*args, **kwargs)
    ~~^^^^^^^^^^^^^^^^^
  File "/Users/yathushakulenthiran/Projects/sheconnect-mentorship/.venv/lib/python3.13/site-packages/django/core/management/commands/runserver.py", line 124, in inner_run
    autoreload.raise_last_exception()
    ~~~~~~~~~~~~~~~~~~~~~~~~~~~~~~~^^
  File "/Users/yathushakulenthiran/Projects/sheconnect-mentorship/.venv/lib/python3.13/site-packages/django/utils/autoreload.py", line 86, in raise_last_exception
    raise _exception[1]
  File "/Users/yathushakulenthiran/Projects/sheconnect-mentorship/.venv/lib/python3.13/site-packages/django/core/management/__init__.py", line 394, in execute
    autoreload.check_errors(django.setup)()
    ~~~~~~~~~~~~~~~~~~~~~~~~~~~~~~~~~~~~~^^
  File "/Users/yathushakulenthiran/Projects/sheconnect-mentorship/.venv/lib/python3.13/site-packages/django/utils/autoreload.py", line 64, in wrapper
    fn(*args, **kwargs)
    ~~^^^^^^^^^^^^^^^^^
  File "/Users/yathushakulenthiran/Projects/sheconnect-mentorship/.venv/lib/python3.13/site-packages/django/__init__.py", line 24, in setup
    apps.populate(settings.INSTALLED_APPS)
    ~~~~~~~~~~~~~^^^^^^^^^^^^^^^^^^^^^^^^^
  File "/Users/yathushakulenthiran/Projects/sheconnect-mentorship/.venv/lib/python3.13/site-packages/django/apps/registry.py", line 91, in populate
    app_config = AppConfig.create(entry)
  File "/Users/yathushakulenthiran/Projects/sheconnect-mentorship/.venv/lib/python3.13/site-packages/django/apps/config.py", line 193, in create
    import_module(entry)
    ~~~~~~~~~~~~~^^^^^^^
  File "/Library/Frameworks/Python.framework/Versions/3.13/lib/python3.13/importlib/__init__.py", line 88, in import_module
    return _bootstrap._gcd_import(name[level:], package, level)
           ~~~~~~~~~~~~~~~~~~~~~~^^^^^^^^^^^^^^^^^^^^^^^^^^^^^^
  File "<frozen importlib._bootstrap>", line 1387, in _gcd_import
  File "<frozen importlib._bootstrap>", line 1360, in _find_and_load
  File "<frozen importlib._bootstrap>", line 1324, in _find_and_load_unlocked
ModuleNotFoundError: No module named 'allauth'
/Users/yathushakulenthiran/Projects/sheconnect-mentorship/sheconnect_ai/settings.py changed, reloading.
Watching for file changes with StatReloader
Exception in thread django-main-thread:
Traceback (most recent call last):
  File "/Library/Frameworks/Python.framework/Versions/3.13/lib/python3.13/threading.py", line 1043, in _bootstrap_inner
    self.run()
    ~~~~~~~~^^
  File "/Library/Frameworks/Python.framework/Versions/3.13/lib/python3.13/threading.py", line 994, in run
    self._target(*self._args, **self._kwargs)
    ~~~~~~~~~~~~^^^^^^^^^^^^^^^^^^^^^^^^^^^^^
  File "/Users/yathushakulenthiran/Projects/sheconnect-mentorship/.venv/lib/python3.13/site-packages/django/utils/autoreload.py", line 64, in wrapper
    fn(*args, **kwargs)
    ~~^^^^^^^^^^^^^^^^^
  File "/Users/yathushakulenthiran/Projects/sheconnect-mentorship/.venv/lib/python3.13/site-packages/django/core/management/commands/runserver.py", line 124, in inner_run
    autoreload.raise_last_exception()
    ~~~~~~~~~~~~~~~~~~~~~~~~~~~~~~~^^
  File "/Users/yathushakulenthiran/Projects/sheconnect-mentorship/.venv/lib/python3.13/site-packages/django/utils/autoreload.py", line 86, in raise_last_exception
    raise _exception[1]
  File "/Users/yathushakulenthiran/Projects/sheconnect-mentorship/.venv/lib/python3.13/site-packages/django/core/management/__init__.py", line 394, in execute
    autoreload.check_errors(django.setup)()
    ~~~~~~~~~~~~~~~~~~~~~~~~~~~~~~~~~~~~~^^
  File "/Users/yathushakulenthiran/Projects/sheconnect-mentorship/.venv/lib/python3.13/site-packages/django/utils/autoreload.py", line 64, in wrapper
    fn(*args, **kwargs)
    ~~^^^^^^^^^^^^^^^^^
  File "/Users/yathushakulenthiran/Projects/sheconnect-mentorship/.venv/lib/python3.13/site-packages/django/__init__.py", line 24, in setup
    apps.populate(settings.INSTALLED_APPS)
    ~~~~~~~~~~~~~^^^^^^^^^^^^^^^^^^^^^^^^^
  File "/Users/yathushakulenthiran/Projects/sheconnect-mentorship/.venv/lib/python3.13/site-packages/django/apps/registry.py", line 91, in populate
    app_config = AppConfig.create(entry)
  File "/Users/yathushakulenthiran/Projects/sheconnect-mentorship/.venv/lib/python3.13/site-packages/django/apps/config.py", line 193, in create
    import_module(entry)
    ~~~~~~~~~~~~~^^^^^^^
  File "/Library/Frameworks/Python.framework/Versions/3.13/lib/python3.13/importlib/__init__.py", line 88, in import_module
    return _bootstrap._gcd_import(name[level:], package, level)
           ~~~~~~~~~~~~~~~~~~~~~~^^^^^^^^^^^^^^^^^^^^^^^^^^^^^^
  File "<frozen importlib._bootstrap>", line 1387, in _gcd_import
  File "<frozen importlib._bootstrap>", line 1360, in _find_and_load
  File "<frozen importlib._bootstrap>", line 1324, in _find_and_load_unlocked
ModuleNotFoundError: No module named 'allauth'
/Users/yathushakulenthiran/Projects/sheconnect-mentorship/sheconnect_ai/settings.py changed, reloading.
Watching for file changes with StatReloader
Exception in thread django-main-thread:
Traceback (most recent call last):
  File "/Library/Frameworks/Python.framework/Versions/3.13/lib/python3.13/threading.py", line 1043, in _bootstrap_inner
    self.run()
    ~~~~~~~~^^
  File "/Library/Frameworks/Python.framework/Versions/3.13/lib/python3.13/threading.py", line 994, in run
    self._target(*self._args, **self._kwargs)
    ~~~~~~~~~~~~^^^^^^^^^^^^^^^^^^^^^^^^^^^^^
  File "/Users/yathushakulenthiran/Projects/sheconnect-mentorship/.venv/lib/python3.13/site-packages/django/utils/autoreload.py", line 64, in wrapper
    fn(*args, **kwargs)
    ~~^^^^^^^^^^^^^^^^^
  File "/Users/yathushakulenthiran/Projects/sheconnect-mentorship/.venv/lib/python3.13/site-packages/django/core/management/commands/runserver.py", line 124, in inner_run
    autoreload.raise_last_exception()
    ~~~~~~~~~~~~~~~~~~~~~~~~~~~~~~~^^
  File "/Users/yathushakulenthiran/Projects/sheconnect-mentorship/.venv/lib/python3.13/site-packages/django/utils/autoreload.py", line 86, in raise_last_exception
    raise _exception[1]
  File "/Users/yathushakulenthiran/Projects/sheconnect-mentorship/.venv/lib/python3.13/site-packages/django/core/management/__init__.py", line 394, in execute
    autoreload.check_errors(django.setup)()
    ~~~~~~~~~~~~~~~~~~~~~~~~~~~~~~~~~~~~~^^
  File "/Users/yathushakulenthiran/Projects/sheconnect-mentorship/.venv/lib/python3.13/site-packages/django/utils/autoreload.py", line 64, in wrapper
    fn(*args, **kwargs)
    ~~^^^^^^^^^^^^^^^^^
  File "/Users/yathushakulenthiran/Projects/sheconnect-mentorship/.venv/lib/python3.13/site-packages/django/__init__.py", line 24, in setup
    apps.populate(settings.INSTALLED_APPS)
    ~~~~~~~~~~~~~^^^^^^^^^^^^^^^^^^^^^^^^^
  File "/Users/yathushakulenthiran/Projects/sheconnect-mentorship/.venv/lib/python3.13/site-packages/django/apps/registry.py", line 124, in populate
    app_config.ready()
    ~~~~~~~~~~~~~~~~^^
  File "/Users/yathushakulenthiran/Projects/sheconnect-mentorship/.venv/lib/python3.13/site-packages/allauth/socialaccount/apps.py", line 16, in ready
    registry.load()
    ~~~~~~~~~~~~~^^
  File "/Users/yathushakulenthiran/Projects/sheconnect-mentorship/.venv/lib/python3.13/site-packages/allauth/socialaccount/providers/__init__.py", line 41, in load
    provider_module = importlib.import_module(module_name)
  File "/Library/Frameworks/Python.framework/Versions/3.13/lib/python3.13/importlib/__init__.py", line 88, in import_module
    return _bootstrap._gcd_import(name[level:], package, level)
           ~~~~~~~~~~~~~~~~~~~~~~^^^^^^^^^^^^^^^^^^^^^^^^^^^^^^
  File "<frozen importlib._bootstrap>", line 1387, in _gcd_import
  File "<frozen importlib._bootstrap>", line 1360, in _find_and_load
  File "<frozen importlib._bootstrap>", line 1331, in _find_and_load_unlocked
  File "<frozen importlib._bootstrap>", line 935, in _load_unlocked
  File "<frozen importlib._bootstrap_external>", line 1026, in exec_module
  File "<frozen importlib._bootstrap>", line 488, in _call_with_frames_removed
  File "/Users/yathushakulenthiran/Projects/sheconnect-mentorship/.venv/lib/python3.13/site-packages/allauth/socialaccount/providers/google/provider.py", line 1, in <module>
    import requests
ModuleNotFoundError: No module named 'requests'
/Users/yathushakulenthiran/Projects/sheconnect-mentorship/sheconnect_ai/settings.py changed, reloading.
Watching for file changes with StatReloader
System check identified some issues:

WARNINGS:
?: settings.ACCOUNT_AUTHENTICATION_METHOD is deprecated, use: settings.ACCOUNT_LOGIN_METHODS = {'email', 'username'}
?: settings.ACCOUNT_EMAIL_REQUIRED is deprecated, use: settings.ACCOUNT_SIGNUP_FIELDS = ['email*', 'username*', 'password1*', 'password2*']

System check identified 2 issues (0 silenced).
[09/Aug/2025 16:43:14] "GET / HTTP/1.1" 200 13393
[09/Aug/2025 16:43:23] "GET /admin/login/ HTTP/1.1" 302 0
[09/Aug/2025 16:43:23] "GET /admin/ HTTP/1.1" 200 21089
[09/Aug/2025 16:43:30] "GET /mentees/register/ HTTP/1.1" 302 0
[09/Aug/2025 16:43:30] "GET /mentees/dashboard/ HTTP/1.1" 200 5428
[09/Aug/2025 16:43:34] "GET /admin/login/ HTTP/1.1" 302 0
[09/Aug/2025 16:43:34] "GET /admin/ HTTP/1.1" 200 21089
[09/Aug/2025 16:44:01] "GET /mentees/register/ HTTP/1.1" 302 0
[09/Aug/2025 16:44:01] "GET /mentees/dashboard/ HTTP/1.1" 200 5428
[09/Aug/2025 16:46:18] "GET /mentees/dashboard/ HTTP/1.1" 200 6478
[09/Aug/2025 16:46:25] "GET /mentees/onboarding/ HTTP/1.1" 200 6655
[09/Aug/2025 16:46:36] "GET /mentors/ HTTP/1.1" 200 16210
[09/Aug/2025 16:47:57] "GET / HTTP/1.1" 200 13393
[09/Aug/2025 16:48:01] "GET /mentees/register/ HTTP/1.1" 302 0
[09/Aug/2025 16:48:01] "GET /mentees/dashboard/ HTTP/1.1" 200 6478
[09/Aug/2025 16:48:07] "GET /admin/login/ HTTP/1.1" 302 0
[09/Aug/2025 16:48:07] "GET /admin/ HTTP/1.1" 200 21089
